<?xml version="1.0" encoding="UTF-8"?>
<testsuite xmlns:xsi="http://www.w3.org/2001/XMLSchema-instance" xsi:noNamespaceSchemaLocation="https://maven.apache.org/surefire/maven-surefire-plugin/xsd/surefire-test-report-3.0.xsd" version="3.0" name="com.example.security.HashingServiceTest" time="0.018" tests="9" errors="0" skipped="0" failures="0">
  <properties>
    <property name="java.specification.version" value="23"/>
    <property name="sun.jnu.encoding" value="UTF-8"/>
    <property name="java.class.path" value="/Users/realr4an/Documents/secure-text-editor/secure-texteditor-backend/secure-texteditor/target/test-classes:/Users/realr4an/Documents/secure-text-editor/secure-texteditor-backend/secure-texteditor/target/classes:/Users/realr4an/.m2/repository/org/springframework/boot/spring-boot-starter-web/3.2.2/spring-boot-starter-web-3.2.2.jar:/Users/realr4an/.m2/repository/org/springframework/boot/spring-boot-starter/3.2.2/spring-boot-starter-3.2.2.jar:/Users/realr4an/.m2/repository/org/springframework/boot/spring-boot/3.2.2/spring-boot-3.2.2.jar:/Users/realr4an/.m2/repository/org/springframework/boot/spring-boot-autoconfigure/3.2.2/spring-boot-autoconfigure-3.2.2.jar:/Users/realr4an/.m2/repository/org/springframework/boot/spring-boot-starter-logging/3.2.2/spring-boot-starter-logging-3.2.2.jar:/Users/realr4an/.m2/repository/ch/qos/logback/logback-classic/1.4.14/logback-classic-1.4.14.jar:/Users/realr4an/.m2/repository/ch/qos/logback/logback-core/1.4.14/logback-core-1.4.14.jar:/Users/realr4an/.m2/repository/org/apache/logging/log4j/log4j-to-slf4j/2.21.1/log4j-to-slf4j-2.21.1.jar:/Users/realr4an/.m2/repository/org/apache/logging/log4j/log4j-api/2.21.1/log4j-api-2.21.1.jar:/Users/realr4an/.m2/repository/org/slf4j/jul-to-slf4j/2.0.11/jul-to-slf4j-2.0.11.jar:/Users/realr4an/.m2/repository/jakarta/annotation/jakarta.annotation-api/2.1.1/jakarta.annotation-api-2.1.1.jar:/Users/realr4an/.m2/repository/org/yaml/snakeyaml/2.2/snakeyaml-2.2.jar:/Users/realr4an/.m2/repository/org/springframework/boot/spring-boot-starter-json/3.2.2/spring-boot-starter-json-3.2.2.jar:/Users/realr4an/.m2/repository/com/fasterxml/jackson/core/jackson-databind/2.15.3/jackson-databind-2.15.3.jar:/Users/realr4an/.m2/repository/com/fasterxml/jackson/core/jackson-annotations/2.15.3/jackson-annotations-2.15.3.jar:/Users/realr4an/.m2/repository/com/fasterxml/jackson/core/jackson-core/2.15.3/jackson-core-2.15.3.jar:/Users/realr4an/.m2/repository/com/fasterxml/jackson/datatype/jackson-datatype-jdk8/2.15.3/jackson-datatype-jdk8-2.15.3.jar:/Users/realr4an/.m2/repository/com/fasterxml/jackson/datatype/jackson-datatype-jsr310/2.15.3/jackson-datatype-jsr310-2.15.3.jar:/Users/realr4an/.m2/repository/com/fasterxml/jackson/module/jackson-module-parameter-names/2.15.3/jackson-module-parameter-names-2.15.3.jar:/Users/realr4an/.m2/repository/org/springframework/boot/spring-boot-starter-tomcat/3.2.2/spring-boot-starter-tomcat-3.2.2.jar:/Users/realr4an/.m2/repository/org/apache/tomcat/embed/tomcat-embed-core/10.1.18/tomcat-embed-core-10.1.18.jar:/Users/realr4an/.m2/repository/org/apache/tomcat/embed/tomcat-embed-el/10.1.18/tomcat-embed-el-10.1.18.jar:/Users/realr4an/.m2/repository/org/apache/tomcat/embed/tomcat-embed-websocket/10.1.18/tomcat-embed-websocket-10.1.18.jar:/Users/realr4an/.m2/repository/org/springframework/spring-web/6.1.3/spring-web-6.1.3.jar:/Users/realr4an/.m2/repository/org/springframework/spring-beans/6.1.3/spring-beans-6.1.3.jar:/Users/realr4an/.m2/repository/io/micrometer/micrometer-observation/1.12.2/micrometer-observation-1.12.2.jar:/Users/realr4an/.m2/repository/io/micrometer/micrometer-commons/1.12.2/micrometer-commons-1.12.2.jar:/Users/realr4an/.m2/repository/org/springframework/spring-webmvc/6.1.3/spring-webmvc-6.1.3.jar:/Users/realr4an/.m2/repository/org/springframework/spring-aop/6.1.3/spring-aop-6.1.3.jar:/Users/realr4an/.m2/repository/org/springframework/spring-context/6.1.3/spring-context-6.1.3.jar:/Users/realr4an/.m2/repository/org/springframework/spring-expression/6.1.3/spring-expression-6.1.3.jar:/Users/realr4an/.m2/repository/org/projectlombok/lombok/1.18.30/lombok-1.18.30.jar:/Users/realr4an/.m2/repository/org/springframework/boot/spring-boot-starter-test/3.2.2/spring-boot-starter-test-3.2.2.jar:/Users/realr4an/.m2/repository/org/springframework/boot/spring-boot-test/3.2.2/spring-boot-test-3.2.2.jar:/Users/realr4an/.m2/repository/org/springframework/boot/spring-boot-test-autoconfigure/3.2.2/spring-boot-test-autoconfigure-3.2.2.jar:/Users/realr4an/.m2/repository/com/jayway/jsonpath/json-path/2.8.0/json-path-2.8.0.jar:/Users/realr4an/.m2/repository/jakarta/xml/bind/jakarta.xml.bind-api/4.0.1/jakarta.xml.bind-api-4.0.1.jar:/Users/realr4an/.m2/repository/jakarta/activation/jakarta.activation-api/2.1.2/jakarta.activation-api-2.1.2.jar:/Users/realr4an/.m2/repository/net/minidev/json-smart/2.5.0/json-smart-2.5.0.jar:/Users/realr4an/.m2/repository/net/minidev/accessors-smart/2.5.0/accessors-smart-2.5.0.jar:/Users/realr4an/.m2/repository/org/ow2/asm/asm/9.3/asm-9.3.jar:/Users/realr4an/.m2/repository/org/assertj/assertj-core/3.24.2/assertj-core-3.24.2.jar:/Users/realr4an/.m2/repository/org/awaitility/awaitility/4.2.0/awaitility-4.2.0.jar:/Users/realr4an/.m2/repository/org/hamcrest/hamcrest/2.2/hamcrest-2.2.jar:/Users/realr4an/.m2/repository/org/junit/jupiter/junit-jupiter/5.10.1/junit-jupiter-5.10.1.jar:/Users/realr4an/.m2/repository/org/junit/jupiter/junit-jupiter-api/5.10.1/junit-jupiter-api-5.10.1.jar:/Users/realr4an/.m2/repository/org/opentest4j/opentest4j/1.3.0/opentest4j-1.3.0.jar:/Users/realr4an/.m2/repository/org/junit/platform/junit-platform-commons/1.10.1/junit-platform-commons-1.10.1.jar:/Users/realr4an/.m2/repository/org/apiguardian/apiguardian-api/1.1.2/apiguardian-api-1.1.2.jar:/Users/realr4an/.m2/repository/org/junit/jupiter/junit-jupiter-params/5.10.1/junit-jupiter-params-5.10.1.jar:/Users/realr4an/.m2/repository/org/junit/jupiter/junit-jupiter-engine/5.10.1/junit-jupiter-engine-5.10.1.jar:/Users/realr4an/.m2/repository/org/junit/platform/junit-platform-engine/1.10.1/junit-platform-engine-1.10.1.jar:/Users/realr4an/.m2/repository/org/mockito/mockito-core/5.7.0/mockito-core-5.7.0.jar:/Users/realr4an/.m2/repository/net/bytebuddy/byte-buddy-agent/1.14.9/byte-buddy-agent-1.14.9.jar:/Users/realr4an/.m2/repository/org/objenesis/objenesis/3.3/objenesis-3.3.jar:/Users/realr4an/.m2/repository/org/mockito/mockito-junit-jupiter/5.7.0/mockito-junit-jupiter-5.7.0.jar:/Users/realr4an/.m2/repository/org/skyscreamer/jsonassert/1.5.1/jsonassert-1.5.1.jar:/Users/realr4an/.m2/repository/com/vaadin/external/google/android-json/0.0.20131108.vaadin1/android-json-0.0.20131108.vaadin1.jar:/Users/realr4an/.m2/repository/org/springframework/spring-core/6.1.3/spring-core-6.1.3.jar:/Users/realr4an/.m2/repository/org/springframework/spring-jcl/6.1.3/spring-jcl-6.1.3.jar:/Users/realr4an/.m2/repository/org/springframework/spring-test/6.1.3/spring-test-6.1.3.jar:/Users/realr4an/.m2/repository/org/xmlunit/xmlunit-core/2.9.1/xmlunit-core-2.9.1.jar:/Users/realr4an/.m2/repository/org/slf4j/slf4j-api/2.0.9/slf4j-api-2.0.9.jar:/Users/realr4an/.m2/repository/org/bouncycastle/bcprov-jdk18on/1.78/bcprov-jdk18on-1.78.jar:/Users/realr4an/.m2/repository/net/bytebuddy/byte-buddy/1.14.6/byte-buddy-1.14.6.jar:"/>
    <property name="java.vm.vendor" value="Homebrew"/>
    <property name="sun.arch.data.model" value="64"/>
    <property name="java.vendor.url" value="https://github.com/Homebrew/homebrew-core/issues"/>
    <property name="user.timezone" value="Europe/Berlin"/>
    <property name="os.name" value="Mac OS X"/>
    <property name="java.vm.specification.version" value="23"/>
    <property name="sun.java.launcher" value="SUN_STANDARD"/>
    <property name="user.country" value="DE"/>
    <property name="sun.boot.library.path" value="/opt/homebrew/Cellar/openjdk/23.0.2/libexec/openjdk.jdk/Contents/Home/lib"/>
    <property name="sun.java.command" value="/Users/realr4an/Documents/secure-text-editor/secure-texteditor-backend/secure-texteditor/target/surefire/surefirebooter-20250221114651337_3.jar /Users/realr4an/Documents/secure-text-editor/secure-texteditor-backend/secure-texteditor/target/surefire 2025-02-21T11-46-51_283-jvmRun1 surefire-20250221114651337_1tmp surefire_0-20250221114651337_2tmp"/>
    <property name="http.nonProxyHosts" value="local|*.local|169.254/16|*.169.254/16"/>
    <property name="jdk.debug" value="release"/>
    <property name="surefire.test.class.path" value="/Users/realr4an/Documents/secure-text-editor/secure-texteditor-backend/secure-texteditor/target/test-classes:/Users/realr4an/Documents/secure-text-editor/secure-texteditor-backend/secure-texteditor/target/classes:/Users/realr4an/.m2/repository/org/springframework/boot/spring-boot-starter-web/3.2.2/spring-boot-starter-web-3.2.2.jar:/Users/realr4an/.m2/repository/org/springframework/boot/spring-boot-starter/3.2.2/spring-boot-starter-3.2.2.jar:/Users/realr4an/.m2/repository/org/springframework/boot/spring-boot/3.2.2/spring-boot-3.2.2.jar:/Users/realr4an/.m2/repository/org/springframework/boot/spring-boot-autoconfigure/3.2.2/spring-boot-autoconfigure-3.2.2.jar:/Users/realr4an/.m2/repository/org/springframework/boot/spring-boot-starter-logging/3.2.2/spring-boot-starter-logging-3.2.2.jar:/Users/realr4an/.m2/repository/ch/qos/logback/logback-classic/1.4.14/logback-classic-1.4.14.jar:/Users/realr4an/.m2/repository/ch/qos/logback/logback-core/1.4.14/logback-core-1.4.14.jar:/Users/realr4an/.m2/repository/org/apache/logging/log4j/log4j-to-slf4j/2.21.1/log4j-to-slf4j-2.21.1.jar:/Users/realr4an/.m2/repository/org/apache/logging/log4j/log4j-api/2.21.1/log4j-api-2.21.1.jar:/Users/realr4an/.m2/repository/org/slf4j/jul-to-slf4j/2.0.11/jul-to-slf4j-2.0.11.jar:/Users/realr4an/.m2/repository/jakarta/annotation/jakarta.annotation-api/2.1.1/jakarta.annotation-api-2.1.1.jar:/Users/realr4an/.m2/repository/org/yaml/snakeyaml/2.2/snakeyaml-2.2.jar:/Users/realr4an/.m2/repository/org/springframework/boot/spring-boot-starter-json/3.2.2/spring-boot-starter-json-3.2.2.jar:/Users/realr4an/.m2/repository/com/fasterxml/jackson/core/jackson-databind/2.15.3/jackson-databind-2.15.3.jar:/Users/realr4an/.m2/repository/com/fasterxml/jackson/core/jackson-annotations/2.15.3/jackson-annotations-2.15.3.jar:/Users/realr4an/.m2/repository/com/fasterxml/jackson/core/jackson-core/2.15.3/jackson-core-2.15.3.jar:/Users/realr4an/.m2/repository/com/fasterxml/jackson/datatype/jackson-datatype-jdk8/2.15.3/jackson-datatype-jdk8-2.15.3.jar:/Users/realr4an/.m2/repository/com/fasterxml/jackson/datatype/jackson-datatype-jsr310/2.15.3/jackson-datatype-jsr310-2.15.3.jar:/Users/realr4an/.m2/repository/com/fasterxml/jackson/module/jackson-module-parameter-names/2.15.3/jackson-module-parameter-names-2.15.3.jar:/Users/realr4an/.m2/repository/org/springframework/boot/spring-boot-starter-tomcat/3.2.2/spring-boot-starter-tomcat-3.2.2.jar:/Users/realr4an/.m2/repository/org/apache/tomcat/embed/tomcat-embed-core/10.1.18/tomcat-embed-core-10.1.18.jar:/Users/realr4an/.m2/repository/org/apache/tomcat/embed/tomcat-embed-el/10.1.18/tomcat-embed-el-10.1.18.jar:/Users/realr4an/.m2/repository/org/apache/tomcat/embed/tomcat-embed-websocket/10.1.18/tomcat-embed-websocket-10.1.18.jar:/Users/realr4an/.m2/repository/org/springframework/spring-web/6.1.3/spring-web-6.1.3.jar:/Users/realr4an/.m2/repository/org/springframework/spring-beans/6.1.3/spring-beans-6.1.3.jar:/Users/realr4an/.m2/repository/io/micrometer/micrometer-observation/1.12.2/micrometer-observation-1.12.2.jar:/Users/realr4an/.m2/repository/io/micrometer/micrometer-commons/1.12.2/micrometer-commons-1.12.2.jar:/Users/realr4an/.m2/repository/org/springframework/spring-webmvc/6.1.3/spring-webmvc-6.1.3.jar:/Users/realr4an/.m2/repository/org/springframework/spring-aop/6.1.3/spring-aop-6.1.3.jar:/Users/realr4an/.m2/repository/org/springframework/spring-context/6.1.3/spring-context-6.1.3.jar:/Users/realr4an/.m2/repository/org/springframework/spring-expression/6.1.3/spring-expression-6.1.3.jar:/Users/realr4an/.m2/repository/org/projectlombok/lombok/1.18.30/lombok-1.18.30.jar:/Users/realr4an/.m2/repository/org/springframework/boot/spring-boot-starter-test/3.2.2/spring-boot-starter-test-3.2.2.jar:/Users/realr4an/.m2/repository/org/springframework/boot/spring-boot-test/3.2.2/spring-boot-test-3.2.2.jar:/Users/realr4an/.m2/repository/org/springframework/boot/spring-boot-test-autoconfigure/3.2.2/spring-boot-test-autoconfigure-3.2.2.jar:/Users/realr4an/.m2/repository/com/jayway/jsonpath/json-path/2.8.0/json-path-2.8.0.jar:/Users/realr4an/.m2/repository/jakarta/xml/bind/jakarta.xml.bind-api/4.0.1/jakarta.xml.bind-api-4.0.1.jar:/Users/realr4an/.m2/repository/jakarta/activation/jakarta.activation-api/2.1.2/jakarta.activation-api-2.1.2.jar:/Users/realr4an/.m2/repository/net/minidev/json-smart/2.5.0/json-smart-2.5.0.jar:/Users/realr4an/.m2/repository/net/minidev/accessors-smart/2.5.0/accessors-smart-2.5.0.jar:/Users/realr4an/.m2/repository/org/ow2/asm/asm/9.3/asm-9.3.jar:/Users/realr4an/.m2/repository/org/assertj/assertj-core/3.24.2/assertj-core-3.24.2.jar:/Users/realr4an/.m2/repository/org/awaitility/awaitility/4.2.0/awaitility-4.2.0.jar:/Users/realr4an/.m2/repository/org/hamcrest/hamcrest/2.2/hamcrest-2.2.jar:/Users/realr4an/.m2/repository/org/junit/jupiter/junit-jupiter/5.10.1/junit-jupiter-5.10.1.jar:/Users/realr4an/.m2/repository/org/junit/jupiter/junit-jupiter-api/5.10.1/junit-jupiter-api-5.10.1.jar:/Users/realr4an/.m2/repository/org/opentest4j/opentest4j/1.3.0/opentest4j-1.3.0.jar:/Users/realr4an/.m2/repository/org/junit/platform/junit-platform-commons/1.10.1/junit-platform-commons-1.10.1.jar:/Users/realr4an/.m2/repository/org/apiguardian/apiguardian-api/1.1.2/apiguardian-api-1.1.2.jar:/Users/realr4an/.m2/repository/org/junit/jupiter/junit-jupiter-params/5.10.1/junit-jupiter-params-5.10.1.jar:/Users/realr4an/.m2/repository/org/junit/jupiter/junit-jupiter-engine/5.10.1/junit-jupiter-engine-5.10.1.jar:/Users/realr4an/.m2/repository/org/junit/platform/junit-platform-engine/1.10.1/junit-platform-engine-1.10.1.jar:/Users/realr4an/.m2/repository/org/mockito/mockito-core/5.7.0/mockito-core-5.7.0.jar:/Users/realr4an/.m2/repository/net/bytebuddy/byte-buddy-agent/1.14.9/byte-buddy-agent-1.14.9.jar:/Users/realr4an/.m2/repository/org/objenesis/objenesis/3.3/objenesis-3.3.jar:/Users/realr4an/.m2/repository/org/mockito/mockito-junit-jupiter/5.7.0/mockito-junit-jupiter-5.7.0.jar:/Users/realr4an/.m2/repository/org/skyscreamer/jsonassert/1.5.1/jsonassert-1.5.1.jar:/Users/realr4an/.m2/repository/com/vaadin/external/google/android-json/0.0.20131108.vaadin1/android-json-0.0.20131108.vaadin1.jar:/Users/realr4an/.m2/repository/org/springframework/spring-core/6.1.3/spring-core-6.1.3.jar:/Users/realr4an/.m2/repository/org/springframework/spring-jcl/6.1.3/spring-jcl-6.1.3.jar:/Users/realr4an/.m2/repository/org/springframework/spring-test/6.1.3/spring-test-6.1.3.jar:/Users/realr4an/.m2/repository/org/xmlunit/xmlunit-core/2.9.1/xmlunit-core-2.9.1.jar:/Users/realr4an/.m2/repository/org/slf4j/slf4j-api/2.0.9/slf4j-api-2.0.9.jar:/Users/realr4an/.m2/repository/org/bouncycastle/bcprov-jdk18on/1.78/bcprov-jdk18on-1.78.jar:/Users/realr4an/.m2/repository/net/bytebuddy/byte-buddy/1.14.6/byte-buddy-1.14.6.jar:"/>
    <property name="sun.cpu.endian" value="little"/>
    <property name="user.home" value="/Users/realr4an"/>
    <property name="user.language" value="de"/>
    <property name="java.specification.vendor" value="Oracle Corporation"/>
    <property name="java.version.date" value="2025-01-21"/>
    <property name="java.home" value="/opt/homebrew/Cellar/openjdk/23.0.2/libexec/openjdk.jdk/Contents/Home"/>
    <property name="file.separator" value="/"/>
    <property name="basedir" value="/Users/realr4an/Documents/secure-text-editor/secure-texteditor-backend/secure-texteditor"/>
    <property name="java.vm.compressedOopsMode" value="Zero based"/>
    <property name="line.separator" value="&#10;"/>
    <property name="java.vm.specification.vendor" value="Oracle Corporation"/>
    <property name="java.specification.name" value="Java Platform API Specification"/>
    <property name="apple.awt.application.name" value="ForkedBooter"/>
    <property name="surefire.real.class.path" value="/Users/realr4an/Documents/secure-text-editor/secure-texteditor-backend/secure-texteditor/target/surefire/surefirebooter-20250221114651337_3.jar"/>
    <property name="sun.management.compiler" value="HotSpot 64-Bit Tiered Compilers"/>
    <property name="ftp.nonProxyHosts" value="local|*.local|169.254/16|*.169.254/16"/>
    <property name="java.runtime.version" value="23.0.2"/>
    <property name="user.name" value="realr4an"/>
    <property name="stdout.encoding" value="UTF-8"/>
    <property name="path.separator" value=":"/>
    <property name="os.version" value="15.1"/>
    <property name="java.runtime.name" value="OpenJDK Runtime Environment"/>
    <property name="file.encoding" value="UTF-8"/>
    <property name="java.vm.name" value="OpenJDK 64-Bit Server VM"/>
    <property name="java.vendor.version" value="Homebrew"/>
    <property name="localRepository" value="/Users/realr4an/.m2/repository"/>
    <property name="java.vendor.url.bug" value="https://github.com/Homebrew/homebrew-core/issues"/>
    <property name="java.io.tmpdir" value="/var/folders/s4/yxpwvrfd3f34bz3l__wtcf_00000gn/T/"/>
    <property name="java.version" value="23.0.2"/>
    <property name="user.dir" value="/Users/realr4an/Documents/secure-text-editor/secure-texteditor-backend/secure-texteditor"/>
    <property name="os.arch" value="aarch64"/>
    <property name="java.vm.specification.name" value="Java Virtual Machine Specification"/>
    <property name="native.encoding" value="UTF-8"/>
    <property name="java.library.path" value="/Users/realr4an/Library/Java/Extensions:/Library/Java/Extensions:/Network/Library/Java/Extensions:/System/Library/Java/Extensions:/usr/lib/java:."/>
    <property name="java.vm.info" value="mixed mode, sharing"/>
    <property name="stderr.encoding" value="UTF-8"/>
    <property name="java.vendor" value="Homebrew"/>
    <property name="java.vm.version" value="23.0.2"/>
    <property name="sun.io.unicode.encoding" value="UnicodeBig"/>
    <property name="socksNonProxyHosts" value="local|*.local|169.254/16|*.169.254/16"/>
    <property name="java.class.version" value="67.0"/>
  </properties>
  <testcase name="testVerifyHashInvalidAlgorithm" classname="com.example.security.HashingServiceTest" time="0.001">
    <system-err><![CDATA[Feb. 21, 2025 11:46:52 AM com.example.security.HashingService verifyHash
INFORMATION: 🔍 Überprüfung des Hash mit Algorithmus: INVALID-ALGO
]]></system-err>
  </testcase>
  <testcase name="testGenerateAesCmac" classname="com.example.security.HashingServiceTest" time="0.002">
    <system-err><![CDATA[Feb. 21, 2025 11:46:52 AM com.example.security.HashingService generateHash
INFORMATION: 🔍 Hashing mit Algorithmus (über BouncyCastle): AES-CMAC
]]></system-err>
  </testcase>
  <testcase name="testVerifySHA256Hash" classname="com.example.security.HashingServiceTest" time="0.003">
    <system-err><![CDATA[Feb. 21, 2025 11:46:52 AM com.example.security.HashingService generateHash
INFORMATION: 🔍 Hashing mit Algorithmus (über BouncyCastle): SHA-256
Feb. 21, 2025 11:46:52 AM com.example.security.HashingService verifyHash
INFORMATION: 🔍 Überprüfung des Hash mit Algorithmus: SHA-256
Feb. 21, 2025 11:46:52 AM com.example.security.HashingService verifyHash
INFORMATION: ✅ Hash erfolgreich verifiziert!
Feb. 21, 2025 11:46:52 AM com.example.security.HashingService verifyHash
INFORMATION: 🔍 Überprüfung des Hash mit Algorithmus: SHA-256
Feb. 21, 2025 11:46:52 AM com.example.security.HashingService verifyHash
WARNUNG: ⚠️ Hash-Verifikation fehlgeschlagen! Manipulation möglich.
]]></system-err>
  </testcase>
  <testcase name="testGenerateSHA256Hash" classname="com.example.security.HashingServiceTest" time="0.001">
    <system-err><![CDATA[Feb. 21, 2025 11:46:52 AM com.example.security.HashingService generateHash
INFORMATION: 🔍 Hashing mit Algorithmus (über BouncyCastle): SHA-256
]]></system-err>
  </testcase>
  <testcase name="testVerifyAesCmac" classname="com.example.security.HashingServiceTest" time="0.001">
    <system-err><![CDATA[Feb. 21, 2025 11:46:52 AM com.example.security.HashingService generateHash
INFORMATION: 🔍 Hashing mit Algorithmus (über BouncyCastle): AES-CMAC
Feb. 21, 2025 11:46:52 AM com.example.security.HashingService verifyHash
INFORMATION: 🔍 Überprüfung des Hash mit Algorithmus: AES-CMAC
Feb. 21, 2025 11:46:52 AM com.example.security.HashingService verifyHash
INFORMATION: ✅ Hash erfolgreich verifiziert!
Feb. 21, 2025 11:46:52 AM com.example.security.HashingService verifyHash
INFORMATION: 🔍 Überprüfung des Hash mit Algorithmus: AES-CMAC
Feb. 21, 2025 11:46:52 AM com.example.security.HashingService verifyHash
WARNUNG: ⚠️ Hash-Verifikation fehlgeschlagen! Manipulation möglich.
]]></system-err>
  </testcase>
  <testcase name="testVerifyHmacSHA256" classname="com.example.security.HashingServiceTest" time="0.003">
    <system-err><![CDATA[Feb. 21, 2025 11:46:52 AM com.example.security.HashingService generateHash
INFORMATION: 🔍 Hashing mit Algorithmus (über BouncyCastle): HMAC-SHA256
Feb. 21, 2025 11:46:52 AM com.example.security.HashingService verifyHash
INFORMATION: 🔍 Überprüfung des Hash mit Algorithmus: HMAC-SHA256
Feb. 21, 2025 11:46:52 AM com.example.security.HashingService verifyHash
INFORMATION: ✅ Hash erfolgreich verifiziert!
Feb. 21, 2025 11:46:52 AM com.example.security.HashingService verifyHash
INFORMATION: 🔍 Überprüfung des Hash mit Algorithmus: HMAC-SHA256
Feb. 21, 2025 11:46:52 AM com.example.security.HashingService verifyHash
WARNUNG: ⚠️ Hash-Verifikation fehlgeschlagen! Manipulation möglich.
]]></system-err>
  </testcase>
  <testcase name="testGenerateHmacSHA256" classname="com.example.security.HashingServiceTest" time="0.001">
    <system-err><![CDATA[Feb. 21, 2025 11:46:52 AM com.example.security.HashingService generateHash
INFORMATION: 🔍 Hashing mit Algorithmus (über BouncyCastle): HMAC-SHA256
]]></system-err>
  </testcase>
  <testcase name="testGenerateHashInvalidAlgorithm" classname="com.example.security.HashingServiceTest" time="0.001">
    <system-err><![CDATA[Feb. 21, 2025 11:46:52 AM com.example.security.HashingService generateHash
INFORMATION: 🔍 Hashing mit Algorithmus (über BouncyCastle): INVALID-ALGO
]]></system-err>
  </testcase>
  <testcase name="testComputeAesCmacInvalidKeyLength" classname="com.example.security.HashingServiceTest" time="0.0"/>
</testsuite>